INFO: [VRFC 10-2263] Analyzing Verilog file "/home/edgardog/Verilog/RISC-V2p/RISC-V2p.sim/sim_1/synth/func/xsim/RISCV2P_TB_func_synth.v" into library xil_defaultlib
INFO: [VRFC 10-311] analyzing module ALU
INFO: [VRFC 10-311] analyzing module Adder
INFO: [VRFC 10-311] analyzing module Adder__xdcDup__1
INFO: [VRFC 10-311] analyzing module Adder__xdcDup__2
INFO: [VRFC 10-311] analyzing module Adder_c_addsub_0_0
INFO: [VRFC 10-311] analyzing module InstructionMemory
INFO: [VRFC 10-311] analyzing module InstructionMemory_blk_mem_gen_0_0
INFO: [VRFC 10-311] analyzing module Latch
INFO: [VRFC 10-311] analyzing module Latch_0
INFO: [VRFC 10-311] analyzing module Latch_1
INFO: [VRFC 10-311] analyzing module Latch_10
INFO: [VRFC 10-311] analyzing module Latch_11
INFO: [VRFC 10-311] analyzing module Latch_12
INFO: [VRFC 10-311] analyzing module Latch_13
INFO: [VRFC 10-311] analyzing module Latch_14
INFO: [VRFC 10-311] analyzing module Latch_15
INFO: [VRFC 10-311] analyzing module Latch_16
INFO: [VRFC 10-311] analyzing module Latch_17
INFO: [VRFC 10-311] analyzing module Latch_18
INFO: [VRFC 10-311] analyzing module Latch_19
INFO: [VRFC 10-311] analyzing module Latch_2
INFO: [VRFC 10-311] analyzing module Latch_20
INFO: [VRFC 10-311] analyzing module Latch_21
INFO: [VRFC 10-311] analyzing module Latch_22
INFO: [VRFC 10-311] analyzing module Latch_23
INFO: [VRFC 10-311] analyzing module Latch_24
INFO: [VRFC 10-311] analyzing module Latch_25
INFO: [VRFC 10-311] analyzing module Latch_26
INFO: [VRFC 10-311] analyzing module Latch_27
INFO: [VRFC 10-311] analyzing module Latch_28
INFO: [VRFC 10-311] analyzing module Latch_29
INFO: [VRFC 10-311] analyzing module Latch_3
INFO: [VRFC 10-311] analyzing module Latch_30
INFO: [VRFC 10-311] analyzing module Latch_4
INFO: [VRFC 10-311] analyzing module Latch_5
INFO: [VRFC 10-311] analyzing module Latch_6
INFO: [VRFC 10-311] analyzing module Latch_7
INFO: [VRFC 10-311] analyzing module Latch_8
INFO: [VRFC 10-311] analyzing module Latch_9
INFO: [VRFC 10-311] analyzing module MEMIO
INFO: [VRFC 10-311] analyzing module RISCV2P
INFO: [VRFC 10-311] analyzing module RXCounter
INFO: [VRFC 10-311] analyzing module RXUnit
INFO: [VRFC 10-311] analyzing module RegFile
INFO: [VRFC 10-311] analyzing module SPI
INFO: [VRFC 10-311] analyzing module SharedRAM
INFO: [VRFC 10-311] analyzing module SharedRAM_blk_mem_gen_0_0
INFO: [VRFC 10-311] analyzing module Subtracter
INFO: [VRFC 10-311] analyzing module Subtracter_c_addsub_0_0
INFO: [VRFC 10-311] analyzing module TXCounter
INFO: [VRFC 10-311] analyzing module UART
INFO: [VRFC 10-311] analyzing module Adder_c_addsub_0_0_c_addsub_v12_0_14
INFO: [VRFC 10-311] analyzing module Adder_c_addsub_0_0_c_addsub_v12_0_14_viv
INFO: [VRFC 10-311] analyzing module Adder_c_addsub_0_0_xbip_addsub_v3_0_6_viv
INFO: [VRFC 10-311] analyzing module Adder_c_addsub_0_0_xbip_dsp48_addsub_synth
INFO: [VRFC 10-311] analyzing module Adder_c_addsub_0_0_xbip_dsp48_addsub_v3_0_6_viv
INFO: [VRFC 10-311] analyzing module Adder_c_addsub_0_0_xbip_dsp48e1_wrapper_v3_0
INFO: [VRFC 10-311] analyzing module Subtracter_c_addsub_0_0_c_addsub_v12_0_14
INFO: [VRFC 10-311] analyzing module Subtracter_c_addsub_0_0_c_addsub_v12_0_14_viv
INFO: [VRFC 10-311] analyzing module Subtracter_c_addsub_0_0_xbip_addsub_v3_0_6_viv
INFO: [VRFC 10-311] analyzing module Subtracter_c_addsub_0_0_xbip_dsp48_addsub_synth
INFO: [VRFC 10-311] analyzing module Subtracter_c_addsub_0_0_xbip_dsp48_addsub_v3_0_6_viv
INFO: [VRFC 10-311] analyzing module Subtracter_c_addsub_0_0_xbip_dsp48e1_wrapper_v3_0
INFO: [VRFC 10-311] analyzing module InstructionMemory_blk_mem_gen_0_0_blk_mem_gen_generic_cstr
INFO: [VRFC 10-311] analyzing module InstructionMemory_blk_mem_gen_0_0_blk_mem_gen_prim_width
INFO: [VRFC 10-311] analyzing module InstructionMemory_blk_mem_gen_0_0_blk_mem_gen_prim_width__parameterized0
INFO: [VRFC 10-311] analyzing module InstructionMemory_blk_mem_gen_0_0_blk_mem_gen_prim_wrapper_init__parameterized0
INFO: [VRFC 10-311] analyzing module InstructionMemory_blk_mem_gen_0_0_blk_mem_gen_top
INFO: [VRFC 10-311] analyzing module InstructionMemory_blk_mem_gen_0_0_blk_mem_gen_v8_4_5
INFO: [VRFC 10-311] analyzing module InstructionMemory_blk_mem_gen_0_0_blk_mem_gen_v8_4_5_synth
INFO: [VRFC 10-311] analyzing module SharedRAM_blk_mem_gen_0_0_blk_mem_gen_generic_cstr
INFO: [VRFC 10-311] analyzing module SharedRAM_blk_mem_gen_0_0_blk_mem_gen_prim_width
INFO: [VRFC 10-311] analyzing module SharedRAM_blk_mem_gen_0_0_blk_mem_gen_prim_width__parameterized0
INFO: [VRFC 10-311] analyzing module SharedRAM_blk_mem_gen_0_0_blk_mem_gen_prim_wrapper
INFO: [VRFC 10-311] analyzing module SharedRAM_blk_mem_gen_0_0_blk_mem_gen_prim_wrapper__parameterized0
INFO: [VRFC 10-311] analyzing module SharedRAM_blk_mem_gen_0_0_blk_mem_gen_top
INFO: [VRFC 10-311] analyzing module SharedRAM_blk_mem_gen_0_0_blk_mem_gen_v8_4_5
INFO: [VRFC 10-311] analyzing module SharedRAM_blk_mem_gen_0_0_blk_mem_gen_v8_4_5_synth
INFO: [VRFC 10-311] analyzing module InstructionMemory_blk_mem_gen_0_0_blk_mem_gen_prim_wrapper_init
INFO: [VRFC 10-311] analyzing module glbl
INFO: [VRFC 10-2263] Analyzing Verilog file "/home/edgardog/Verilog/RISC-V2p/RISC-V2p.srcs/sim_1/new/RISCV2P_TB.v" into library xil_defaultlib
INFO: [VRFC 10-311] analyzing module RISCV2P_TB
